{"/Volumes/sub/on-terview/web-view/src/App.js": {"path":"/Volumes/sub/on-terview/web-view/src/App.js","statementMap":{"0":{"start":{"line":24,"column":18},"end":{"line":31,"column":1}},"1":{"start":{"line":32,"column":16},"end":{"line":37,"column":1}},"2":{"start":{"line":40,"column":2},"end":{"line":66,"column":4}}},"fnMap":{"0":{"name":"App","decl":{"start":{"line":39,"column":9},"end":{"line":39,"column":12}},"loc":{"start":{"line":39,"column":15},"end":{"line":67,"column":1}},"line":39}},"branchMap":{},"s":{"0":1,"1":1,"2":1},"f":{"0":1},"b":{},"_coverageSchema":"1a1c01bbd47fc00a2c39e90264f33305004495a9","hash":"cf0849a61ca8e7730d1bf25d913462fe20648ed4"}
,"/Volumes/sub/on-terview/web-view/src/index.js": {"path":"/Volumes/sub/on-terview/web-view/src/index.js","statementMap":{"0":{"start":{"line":10,"column":0},"end":{"line":17,"column":2}},"1":{"start":{"line":22,"column":0},"end":{"line":22,"column":18}}},"fnMap":{},"branchMap":{},"s":{"0":0,"1":0},"f":{},"b":{}}
,"/Volumes/sub/on-terview/web-view/src/reportWebVitals.js": {"path":"/Volumes/sub/on-terview/web-view/src/reportWebVitals.js","statementMap":{"0":{"start":{"line":1,"column":24},"end":{"line":11,"column":1}},"1":{"start":{"line":2,"column":2},"end":{"line":10,"column":3}},"2":{"start":{"line":3,"column":4},"end":{"line":9,"column":7}},"3":{"start":{"line":4,"column":6},"end":{"line":4,"column":26}},"4":{"start":{"line":5,"column":6},"end":{"line":5,"column":26}},"5":{"start":{"line":6,"column":6},"end":{"line":6,"column":26}},"6":{"start":{"line":7,"column":6},"end":{"line":7,"column":26}},"7":{"start":{"line":8,"column":6},"end":{"line":8,"column":27}}},"fnMap":{"0":{"name":"(anonymous_0)","decl":{"start":{"line":1,"column":24},"end":{"line":1,"column":25}},"loc":{"start":{"line":1,"column":39},"end":{"line":11,"column":1}},"line":1},"1":{"name":"(anonymous_1)","decl":{"start":{"line":3,"column":30},"end":{"line":3,"column":31}},"loc":{"start":{"line":3,"column":79},"end":{"line":9,"column":5}},"line":3}},"branchMap":{"0":{"loc":{"start":{"line":2,"column":2},"end":{"line":10,"column":3}},"type":"if","locations":[{"start":{"line":2,"column":2},"end":{"line":10,"column":3}},{"start":{"line":2,"column":2},"end":{"line":10,"column":3}}],"line":2},"1":{"loc":{"start":{"line":2,"column":6},"end":{"line":2,"column":52}},"type":"binary-expr","locations":[{"start":{"line":2,"column":6},"end":{"line":2,"column":17}},{"start":{"line":2,"column":21},"end":{"line":2,"column":52}}],"line":2}},"s":{"0":0,"1":0,"2":0,"3":0,"4":0,"5":0,"6":0,"7":0},"f":{"0":0,"1":0},"b":{"0":[0,0],"1":[0,0]}}
,"/Volumes/sub/on-terview/web-view/src/setupProxy.js": {"path":"/Volumes/sub/on-terview/web-view/src/setupProxy.js","statementMap":{"0":{"start":{"line":1,"column":34},"end":{"line":1,"column":68}},"1":{"start":{"line":3,"column":0},"end":{"line":14,"column":2}},"2":{"start":{"line":4,"column":2},"end":{"line":13,"column":4}}},"fnMap":{"0":{"name":"(anonymous_0)","decl":{"start":{"line":3,"column":17},"end":{"line":3,"column":18}},"loc":{"start":{"line":3,"column":34},"end":{"line":14,"column":1}},"line":3}},"branchMap":{},"s":{"0":0,"1":0,"2":0},"f":{"0":0},"b":{}}
,"/Volumes/sub/on-terview/web-view/src/components/BoardInfo/BoardInfo.js": {"path":"/Volumes/sub/on-terview/web-view/src/components/BoardInfo/BoardInfo.js","statementMap":{"0":{"start":{"line":5,"column":22},"end":{"line":12,"column":1}},"1":{"start":{"line":14,"column":24},"end":{"line":21,"column":1}},"2":{"start":{"line":24,"column":27},"end":{"line":31,"column":1}},"3":{"start":{"line":34,"column":25},"end":{"line":41,"column":1}},"4":{"start":{"line":44,"column":25},"end":{"line":51,"column":1}},"5":{"start":{"line":55,"column":4},"end":{"line":92,"column":6}}},"fnMap":{"0":{"name":"(anonymous_0)","decl":{"start":{"line":54,"column":2},"end":{"line":54,"column":3}},"loc":{"start":{"line":54,"column":11},"end":{"line":93,"column":3}},"line":54}},"branchMap":{},"s":{"0":1,"1":1,"2":1,"3":1,"4":1,"5":0},"f":{"0":0},"b":{},"_coverageSchema":"1a1c01bbd47fc00a2c39e90264f33305004495a9","hash":"78527ba399c4e466b0fa347c5d0636fe31a80086"}
,"/Volumes/sub/on-terview/web-view/src/components/BoardList/BoardList.js": {"path":"/Volumes/sub/on-terview/web-view/src/components/BoardList/BoardList.js","statementMap":{"0":{"start":{"line":5,"column":20},"end":{"line":12,"column":1}},"1":{"start":{"line":14,"column":20},"end":{"line":21,"column":1}},"2":{"start":{"line":23,"column":19},"end":{"line":30,"column":1}},"3":{"start":{"line":32,"column":23},"end":{"line":39,"column":1}},"4":{"start":{"line":41,"column":25},"end":{"line":48,"column":1}},"5":{"start":{"line":52,"column":4},"end":{"line":95,"column":6}}},"fnMap":{"0":{"name":"(anonymous_0)","decl":{"start":{"line":51,"column":2},"end":{"line":51,"column":3}},"loc":{"start":{"line":51,"column":11},"end":{"line":96,"column":3}},"line":51}},"branchMap":{},"s":{"0":1,"1":1,"2":1,"3":1,"4":1,"5":0},"f":{"0":0},"b":{},"_coverageSchema":"1a1c01bbd47fc00a2c39e90264f33305004495a9","hash":"37439be5aea8c7bb21c6790928874f4f35506767"}
,"/Volumes/sub/on-terview/web-view/src/components/BoardSearch/BoardSearch.js": {"path":"/Volumes/sub/on-terview/web-view/src/components/BoardSearch/BoardSearch.js","statementMap":{"0":{"start":{"line":4,"column":20},"end":{"line":8,"column":1}},"1":{"start":{"line":10,"column":22},"end":{"line":12,"column":1}},"2":{"start":{"line":14,"column":23},"end":{"line":18,"column":1}},"3":{"start":{"line":22,"column":40},"end":{"line":22,"column":52}},"4":{"start":{"line":23,"column":24},"end":{"line":25,"column":3}},"5":{"start":{"line":24,"column":4},"end":{"line":24,"column":35}},"6":{"start":{"line":28,"column":38},"end":{"line":28,"column":50}},"7":{"start":{"line":30,"column":2},"end":{"line":51,"column":9}},"8":{"start":{"line":31,"column":23},"end":{"line":40,"column":5}},"9":{"start":{"line":41,"column":4},"end":{"line":50,"column":6}},"10":{"start":{"line":43,"column":8},"end":{"line":48,"column":10}},"11":{"start":{"line":56,"column":20},"end":{"line":62,"column":3}},"12":{"start":{"line":57,"column":4},"end":{"line":57,"column":23}},"13":{"start":{"line":58,"column":4},"end":{"line":60,"column":7}},"14":{"start":{"line":59,"column":6},"end":{"line":59,"column":35}},"15":{"start":{"line":61,"column":4},"end":{"line":61,"column":28}},"16":{"start":{"line":64,"column":19},"end":{"line":67,"column":3}},"17":{"start":{"line":65,"column":4},"end":{"line":65,"column":44}},"18":{"start":{"line":65,"column":27},"end":{"line":65,"column":44}},"19":{"start":{"line":66,"column":4},"end":{"line":66,"column":17}},"20":{"start":{"line":69,"column":2},"end":{"line":118,"column":4}},"21":{"start":{"line":80,"column":18},"end":{"line":103,"column":29}},"22":{"start":{"line":86,"column":38},"end":{"line":86,"column":54}},"23":{"start":{"line":87,"column":24},"end":{"line":99,"column":26}},"24":{"start":{"line":89,"column":28},"end":{"line":96,"column":29}},"25":{"start":{"line":93,"column":30},"end":{"line":93,"column":50}},"26":{"start":{"line":94,"column":30},"end":{"line":94,"column":51}},"27":{"start":{"line":95,"column":30},"end":{"line":95,"column":55}},"28":{"start":{"line":97,"column":28},"end":{"line":97,"column":40}}},"fnMap":{"0":{"name":"BoardSearch","decl":{"start":{"line":20,"column":24},"end":{"line":20,"column":35}},"loc":{"start":{"line":20,"column":38},"end":{"line":119,"column":1}},"line":20},"1":{"name":"(anonymous_1)","decl":{"start":{"line":23,"column":24},"end":{"line":23,"column":25}},"loc":{"start":{"line":23,"column":31},"end":{"line":25,"column":3}},"line":23},"2":{"name":"(anonymous_2)","decl":{"start":{"line":30,"column":12},"end":{"line":30,"column":13}},"loc":{"start":{"line":30,"column":18},"end":{"line":51,"column":3}},"line":30},"3":{"name":"(anonymous_3)","decl":{"start":{"line":42,"column":21},"end":{"line":42,"column":22}},"loc":{"start":{"line":42,"column":28},"end":{"line":49,"column":7}},"line":42},"4":{"name":"(anonymous_4)","decl":{"start":{"line":56,"column":20},"end":{"line":56,"column":21}},"loc":{"start":{"line":56,"column":27},"end":{"line":62,"column":3}},"line":56},"5":{"name":"(anonymous_5)","decl":{"start":{"line":58,"column":23},"end":{"line":58,"column":24}},"loc":{"start":{"line":58,"column":33},"end":{"line":60,"column":5}},"line":58},"6":{"name":"(anonymous_6)","decl":{"start":{"line":64,"column":19},"end":{"line":64,"column":20}},"loc":{"start":{"line":64,"column":26},"end":{"line":67,"column":3}},"line":64},"7":{"name":"(anonymous_7)","decl":{"start":{"line":79,"column":32},"end":{"line":79,"column":33}},"loc":{"start":{"line":80,"column":18},"end":{"line":103,"column":29}},"line":80},"8":{"name":"(anonymous_8)","decl":{"start":{"line":85,"column":32},"end":{"line":85,"column":33}},"loc":{"start":{"line":85,"column":39},"end":{"line":100,"column":23}},"line":85},"9":{"name":"(anonymous_9)","decl":{"start":{"line":88,"column":41},"end":{"line":88,"column":42}},"loc":{"start":{"line":88,"column":51},"end":{"line":98,"column":27}},"line":88}},"branchMap":{"0":{"loc":{"start":{"line":65,"column":4},"end":{"line":65,"column":44}},"type":"if","locations":[{"start":{"line":65,"column":4},"end":{"line":65,"column":44}},{"start":{"line":65,"column":4},"end":{"line":65,"column":44}}],"line":65},"1":{"loc":{"start":{"line":89,"column":28},"end":{"line":96,"column":29}},"type":"if","locations":[{"start":{"line":89,"column":28},"end":{"line":96,"column":29}},{"start":{"line":89,"column":28},"end":{"line":96,"column":29}}],"line":89}},"s":{"0":1,"1":1,"2":1,"3":0,"4":0,"5":0,"6":0,"7":0,"8":0,"9":0,"10":0,"11":0,"12":0,"13":0,"14":0,"15":0,"16":0,"17":0,"18":0,"19":0,"20":0,"21":0,"22":0,"23":0,"24":0,"25":0,"26":0,"27":0,"28":0},"f":{"0":0,"1":0,"2":0,"3":0,"4":0,"5":0,"6":0,"7":0,"8":0,"9":0},"b":{"0":[0,0],"1":[0,0]},"_coverageSchema":"1a1c01bbd47fc00a2c39e90264f33305004495a9","hash":"f8434637f25c8ef4f2ef38bd7e1975d8f1eeaa51"}
,"/Volumes/sub/on-terview/web-view/src/components/Calendar/Calendar.js": {"path":"/Volumes/sub/on-terview/web-view/src/components/Calendar/Calendar.js","statementMap":{"0":{"start":{"line":9,"column":15},"end":{"line":52,"column":1}},"1":{"start":{"line":54,"column":12},"end":{"line":57,"column":1}},"2":{"start":{"line":60,"column":2},"end":{"line":60,"column":70}},"3":{"start":{"line":64,"column":2},"end":{"line":87,"column":4}}},"fnMap":{"0":{"name":"renderEventContent","decl":{"start":{"line":59,"column":9},"end":{"line":59,"column":27}},"loc":{"start":{"line":59,"column":34},"end":{"line":61,"column":1}},"line":59},"1":{"name":"Calendar","decl":{"start":{"line":63,"column":9},"end":{"line":63,"column":17}},"loc":{"start":{"line":63,"column":20},"end":{"line":88,"column":1}},"line":63}},"branchMap":{},"s":{"0":1,"1":1,"2":0,"3":0},"f":{"0":0,"1":0},"b":{},"_coverageSchema":"1a1c01bbd47fc00a2c39e90264f33305004495a9","hash":"5c9eb67ecde6ddf59c21cabbbed15282e3cd3d6c"}
,"/Volumes/sub/on-terview/web-view/src/components/CheckPeople/CheckPeople.js": {"path":"/Volumes/sub/on-terview/web-view/src/components/CheckPeople/CheckPeople.js","statementMap":{"0":{"start":{"line":7,"column":23},"end":{"line":14,"column":1}},"1":{"start":{"line":15,"column":22},"end":{"line":22,"column":1}},"2":{"start":{"line":23,"column":19},"end":{"line":30,"column":1}},"3":{"start":{"line":34,"column":19},"end":{"line":50,"column":1}},"4":{"start":{"line":53,"column":20},"end":{"line":61,"column":1}},"5":{"start":{"line":54,"column":2},"end":{"line":60,"column":4}},"6":{"start":{"line":62,"column":21},"end":{"line":64,"column":1}},"7":{"start":{"line":63,"column":2},"end":{"line":63,"column":71}},"8":{"start":{"line":66,"column":20},"end":{"line":66,"column":33}},"9":{"start":{"line":67,"column":21},"end":{"line":69,"column":1}},"10":{"start":{"line":68,"column":23},"end":{"line":68,"column":63}},"11":{"start":{"line":70,"column":18},"end":{"line":78,"column":1}},"12":{"start":{"line":71,"column":20},"end":{"line":76,"column":4}},"13":{"start":{"line":72,"column":4},"end":{"line":75,"column":17}},"14":{"start":{"line":77,"column":2},"end":{"line":77,"column":32}}},"fnMap":{"0":{"name":"(anonymous_0)","decl":{"start":{"line":53,"column":20},"end":{"line":53,"column":21}},"loc":{"start":{"line":53,"column":26},"end":{"line":61,"column":1}},"line":53},"1":{"name":"(anonymous_1)","decl":{"start":{"line":62,"column":21},"end":{"line":62,"column":22}},"loc":{"start":{"line":62,"column":27},"end":{"line":64,"column":1}},"line":62},"2":{"name":"(anonymous_2)","decl":{"start":{"line":68,"column":11},"end":{"line":68,"column":12}},"loc":{"start":{"line":68,"column":23},"end":{"line":68,"column":63}},"line":68},"3":{"name":"(anonymous_3)","decl":{"start":{"line":70,"column":18},"end":{"line":70,"column":19}},"loc":{"start":{"line":70,"column":24},"end":{"line":78,"column":1}},"line":70},"4":{"name":"(anonymous_4)","decl":{"start":{"line":71,"column":35},"end":{"line":71,"column":36}},"loc":{"start":{"line":72,"column":4},"end":{"line":75,"column":17}},"line":72}},"branchMap":{"0":{"loc":{"start":{"line":68,"column":23},"end":{"line":68,"column":63}},"type":"cond-expr","locations":[{"start":{"line":68,"column":48},"end":{"line":68,"column":55}},{"start":{"line":68,"column":58},"end":{"line":68,"column":63}}],"line":68}},"s":{"0":0,"1":0,"2":0,"3":0,"4":0,"5":0,"6":0,"7":0,"8":0,"9":0,"10":0,"11":0,"12":0,"13":0,"14":0},"f":{"0":0,"1":0,"2":0,"3":0,"4":0},"b":{"0":[0,0]}}
,"/Volumes/sub/on-terview/web-view/src/components/CompanyInfoModify/CompanyInfoModify.js": {"path":"/Volumes/sub/on-terview/web-view/src/components/CompanyInfoModify/CompanyInfoModify.js","statementMap":{"0":{"start":{"line":9,"column":20},"end":{"line":9,"column":31}},"1":{"start":{"line":12,"column":20},"end":{"line":16,"column":3}},"2":{"start":{"line":19,"column":30},"end":{"line":27,"column":4}},"3":{"start":{"line":31,"column":22},"end":{"line":33,"column":3}},"4":{"start":{"line":32,"column":4},"end":{"line":32,"column":129}},"5":{"start":{"line":32,"column":38},"end":{"line":32,"column":125}},"6":{"start":{"line":35,"column":19},"end":{"line":54,"column":4}},"7":{"start":{"line":36,"column":4},"end":{"line":53,"column":15}},"8":{"start":{"line":44,"column":63},"end":{"line":44,"column":83}},"9":{"start":{"line":44,"column":128},"end":{"line":44,"column":148}},"10":{"start":{"line":56,"column":2},"end":{"line":67,"column":4}}},"fnMap":{"0":{"name":"CompanyInfoModify","decl":{"start":{"line":7,"column":24},"end":{"line":7,"column":41}},"loc":{"start":{"line":7,"column":44},"end":{"line":68,"column":1}},"line":7},"1":{"name":"(anonymous_1)","decl":{"start":{"line":31,"column":22},"end":{"line":31,"column":23}},"loc":{"start":{"line":31,"column":30},"end":{"line":33,"column":3}},"line":31},"2":{"name":"(anonymous_2)","decl":{"start":{"line":32,"column":25},"end":{"line":32,"column":26}},"loc":{"start":{"line":32,"column":38},"end":{"line":32,"column":125}},"line":32},"3":{"name":"(anonymous_3)","decl":{"start":{"line":35,"column":30},"end":{"line":35,"column":31}},"loc":{"start":{"line":36,"column":4},"end":{"line":53,"column":15}},"line":36},"4":{"name":"(anonymous_4)","decl":{"start":{"line":44,"column":57},"end":{"line":44,"column":58}},"loc":{"start":{"line":44,"column":63},"end":{"line":44,"column":83}},"line":44},"5":{"name":"(anonymous_5)","decl":{"start":{"line":44,"column":122},"end":{"line":44,"column":123}},"loc":{"start":{"line":44,"column":128},"end":{"line":44,"column":148}},"line":44}},"branchMap":{"0":{"loc":{"start":{"line":32,"column":38},"end":{"line":32,"column":125}},"type":"cond-expr","locations":[{"start":{"line":32,"column":57},"end":{"line":32,"column":94}},{"start":{"line":32,"column":97},"end":{"line":32,"column":125}}],"line":32},"1":{"loc":{"start":{"line":44,"column":13},"end":{"line":44,"column":152}},"type":"cond-expr","locations":[{"start":{"line":44,"column":27},"end":{"line":44,"column":87}},{"start":{"line":44,"column":90},"end":{"line":44,"column":152}}],"line":44},"2":{"loc":{"start":{"line":46,"column":7},"end":{"line":52,"column":7}},"type":"cond-expr","locations":[{"start":{"line":47,"column":8},"end":{"line":49,"column":20}},{"start":{"line":51,"column":8},"end":{"line":51,"column":13}}],"line":46}},"s":{"0":0,"1":0,"2":0,"3":0,"4":0,"5":0,"6":0,"7":0,"8":0,"9":0,"10":0},"f":{"0":0,"1":0,"2":0,"3":0,"4":0,"5":0},"b":{"0":[0,0],"1":[0,0],"2":[0,0]},"_coverageSchema":"1a1c01bbd47fc00a2c39e90264f33305004495a9","hash":"a9fd5c79bd298bda24ed8935076cb2b7fefafd55"}
,"/Volumes/sub/on-terview/web-view/src/components/CompanyTests/CompanyTests.js": {"path":"/Volumes/sub/on-terview/web-view/src/components/CompanyTests/CompanyTests.js","statementMap":{},"fnMap":{"0":{"name":"CompanyTests","decl":{"start":{"line":6,"column":9},"end":{"line":6,"column":21}},"loc":{"start":{"line":6,"column":23},"end":{"line":8,"column":1}},"line":6}},"branchMap":{},"s":{},"f":{"0":0},"b":{}}
,"/Volumes/sub/on-terview/web-view/src/components/CompanyTests/CompanyTestsView/CompanyTestsView.js": {"path":"/Volumes/sub/on-terview/web-view/src/components/CompanyTests/CompanyTestsView/CompanyTestsView.js","statementMap":{},"fnMap":{},"branchMap":{},"s":{},"f":{},"b":{}}
,"/Volumes/sub/on-terview/web-view/src/components/CompanyTests/UserTestsView/UserTestsView.js": {"path":"/Volumes/sub/on-terview/web-view/src/components/CompanyTests/UserTestsView/UserTestsView.js","statementMap":{},"fnMap":{},"branchMap":{},"s":{},"f":{},"b":{}}
,"/Volumes/sub/on-terview/web-view/src/components/ErrorType/Error400.js": {"path":"/Volumes/sub/on-terview/web-view/src/components/ErrorType/Error400.js","statementMap":{"0":{"start":{"line":5,"column":18},"end":{"line":12,"column":1}},"1":{"start":{"line":14,"column":13},"end":{"line":16,"column":1}},"2":{"start":{"line":20,"column":4},"end":{"line":30,"column":6}}},"fnMap":{"0":{"name":"(anonymous_0)","decl":{"start":{"line":19,"column":2},"end":{"line":19,"column":3}},"loc":{"start":{"line":19,"column":11},"end":{"line":31,"column":3}},"line":19}},"branchMap":{},"s":{"0":1,"1":1,"2":0},"f":{"0":0},"b":{},"_coverageSchema":"1a1c01bbd47fc00a2c39e90264f33305004495a9","hash":"aaeb7a8930fe0e41ebb4a94b6dca13b066ac0e08"}
,"/Volumes/sub/on-terview/web-view/src/components/ErrorType/Error404.js": {"path":"/Volumes/sub/on-terview/web-view/src/components/ErrorType/Error404.js","statementMap":{"0":{"start":{"line":5,"column":18},"end":{"line":12,"column":1}},"1":{"start":{"line":13,"column":13},"end":{"line":15,"column":1}},"2":{"start":{"line":19,"column":4},"end":{"line":29,"column":6}}},"fnMap":{"0":{"name":"(anonymous_0)","decl":{"start":{"line":18,"column":2},"end":{"line":18,"column":3}},"loc":{"start":{"line":18,"column":11},"end":{"line":30,"column":3}},"line":18}},"branchMap":{},"s":{"0":1,"1":1,"2":0},"f":{"0":0},"b":{},"_coverageSchema":"1a1c01bbd47fc00a2c39e90264f33305004495a9","hash":"09187dff6ba9bcce65f6616e34d66836c17c0de7"}
,"/Volumes/sub/on-terview/web-view/src/components/ErrorType/Error500.js": {"path":"/Volumes/sub/on-terview/web-view/src/components/ErrorType/Error500.js","statementMap":{"0":{"start":{"line":5,"column":18},"end":{"line":12,"column":1}},"1":{"start":{"line":14,"column":13},"end":{"line":16,"column":1}},"2":{"start":{"line":20,"column":4},"end":{"line":30,"column":6}}},"fnMap":{"0":{"name":"(anonymous_0)","decl":{"start":{"line":19,"column":2},"end":{"line":19,"column":3}},"loc":{"start":{"line":19,"column":11},"end":{"line":31,"column":3}},"line":19}},"branchMap":{},"s":{"0":1,"1":1,"2":0},"f":{"0":0},"b":{},"_coverageSchema":"1a1c01bbd47fc00a2c39e90264f33305004495a9","hash":"9ed5434c15538c211a6505761ed177662d0f4e55"}
,"/Volumes/sub/on-terview/web-view/src/components/Footer/Footer.js": {"path":"/Volumes/sub/on-terview/web-view/src/components/Footer/Footer.js","statementMap":{"0":{"start":{"line":5,"column":19},"end":{"line":11,"column":1}},"1":{"start":{"line":16,"column":4},"end":{"line":16,"column":55}}},"fnMap":{"0":{"name":"Footer","decl":{"start":{"line":13,"column":24},"end":{"line":13,"column":30}},"loc":{"start":{"line":13,"column":33},"end":{"line":17,"column":1}},"line":13}},"branchMap":{},"s":{"0":1,"1":1},"f":{"0":1},"b":{},"_coverageSchema":"1a1c01bbd47fc00a2c39e90264f33305004495a9","hash":"eaf04c763e30dd802b78656a254dfea661ffaa7b"}
,"/Volumes/sub/on-terview/web-view/src/components/InterviewScoreCard/InterviewScoreCard.js": {"path":"/Volumes/sub/on-terview/web-view/src/components/InterviewScoreCard/InterviewScoreCard.js","statementMap":{"0":{"start":{"line":6,"column":2},"end":{"line":17,"column":4}},"1":{"start":{"line":12,"column":23},"end":{"line":12,"column":39}},"2":{"start":{"line":13,"column":10},"end":{"line":13,"column":28}}},"fnMap":{"0":{"name":"InterviewScoreCard","decl":{"start":{"line":5,"column":9},"end":{"line":5,"column":27}},"loc":{"start":{"line":5,"column":30},"end":{"line":18,"column":1}},"line":5},"1":{"name":"(anonymous_1)","decl":{"start":{"line":11,"column":18},"end":{"line":11,"column":19}},"loc":{"start":{"line":11,"column":37},"end":{"line":14,"column":9}},"line":11}},"branchMap":{},"s":{"0":0,"1":0,"2":0},"f":{"0":0,"1":0},"b":{},"_coverageSchema":"1a1c01bbd47fc00a2c39e90264f33305004495a9","hash":"7ca06a24d406e28a8983d00df9ab122d82e59d2d"}
,"/Volumes/sub/on-terview/web-view/src/components/LoginForm/LoginForm.js": {"path":"/Volumes/sub/on-terview/web-view/src/components/LoginForm/LoginForm.js","statementMap":{"0":{"start":{"line":11,"column":18},"end":{"line":27,"column":5}},"1":{"start":{"line":11,"column":41},"end":{"line":27,"column":1}},"2":{"start":{"line":32,"column":19},"end":{"line":32,"column":35}},"3":{"start":{"line":34,"column":30},"end":{"line":34,"column":44}},"4":{"start":{"line":35,"column":36},"end":{"line":35,"column":50}},"5":{"start":{"line":37,"column":34},"end":{"line":37,"column":48}},"6":{"start":{"line":39,"column":32},"end":{"line":39,"column":48}},"7":{"start":{"line":40,"column":18},"end":{"line":40,"column":29}},"8":{"start":{"line":42,"column":19},"end":{"line":42,"column":32}},"9":{"start":{"line":45,"column":23},"end":{"line":57,"column":3}},"10":{"start":{"line":46,"column":4},"end":{"line":46,"column":23}},"11":{"start":{"line":48,"column":4},"end":{"line":56,"column":8}},"12":{"start":{"line":51,"column":21},"end":{"line":51,"column":34}},"13":{"start":{"line":52,"column":8},"end":{"line":52,"column":28}},"14":{"start":{"line":53,"column":8},"end":{"line":53,"column":49}},"15":{"start":{"line":55,"column":6},"end":{"line":55,"column":27}},"16":{"start":{"line":59,"column":18},"end":{"line":74,"column":3}},"17":{"start":{"line":76,"column":21},"end":{"line":98,"column":3}},"18":{"start":{"line":101,"column":4},"end":{"line":101,"column":41}},"19":{"start":{"line":104,"column":21},"end":{"line":115,"column":3}},"20":{"start":{"line":117,"column":2},"end":{"line":133,"column":4}},"21":{"start":{"line":125,"column":12},"end":{"line":125,"column":33}}},"fnMap":{"0":{"name":"(anonymous_0)","decl":{"start":{"line":11,"column":30},"end":{"line":11,"column":31}},"loc":{"start":{"line":11,"column":41},"end":{"line":27,"column":1}},"line":11},"1":{"name":"LoginForm","decl":{"start":{"line":30,"column":24},"end":{"line":30,"column":33}},"loc":{"start":{"line":30,"column":36},"end":{"line":134,"column":1}},"line":30},"2":{"name":"(anonymous_2)","decl":{"start":{"line":45,"column":23},"end":{"line":45,"column":24}},"loc":{"start":{"line":45,"column":32},"end":{"line":57,"column":3}},"line":45},"3":{"name":"(anonymous_3)","decl":{"start":{"line":49,"column":13},"end":{"line":49,"column":14}},"loc":{"start":{"line":49,"column":29},"end":{"line":54,"column":7}},"line":49},"4":{"name":"(anonymous_4)","decl":{"start":{"line":54,"column":17},"end":{"line":54,"column":18}},"loc":{"start":{"line":54,"column":30},"end":{"line":56,"column":5}},"line":54},"5":{"name":"LoginInputView","decl":{"start":{"line":100,"column":11},"end":{"line":100,"column":25}},"loc":{"start":{"line":100,"column":28},"end":{"line":102,"column":3}},"line":100},"6":{"name":"(anonymous_6)","decl":{"start":{"line":124,"column":20},"end":{"line":124,"column":21}},"loc":{"start":{"line":124,"column":26},"end":{"line":126,"column":11}},"line":124}},"branchMap":{"0":{"loc":{"start":{"line":101,"column":11},"end":{"line":101,"column":40}},"type":"cond-expr","locations":[{"start":{"line":101,"column":20},"end":{"line":101,"column":27}},{"start":{"line":101,"column":30},"end":{"line":101,"column":40}}],"line":101},"1":{"loc":{"start":{"line":127,"column":11},"end":{"line":127,"column":53}},"type":"cond-expr","locations":[{"start":{"line":127,"column":20},"end":{"line":127,"column":33}},{"start":{"line":127,"column":36},"end":{"line":127,"column":53}}],"line":127}},"s":{"0":3,"1":2,"2":2,"3":2,"4":2,"5":2,"6":2,"7":2,"8":2,"9":2,"10":0,"11":0,"12":0,"13":0,"14":0,"15":0,"16":2,"17":2,"18":2,"19":2,"20":2,"21":0},"f":{"0":2,"1":2,"2":0,"3":0,"4":0,"5":2,"6":0},"b":{"0":[2,0],"1":[2,0]},"_coverageSchema":"1a1c01bbd47fc00a2c39e90264f33305004495a9","hash":"27bacc39d9f0f6899b926fde2b77a7c9cb1dce06"}
,"/Volumes/sub/on-terview/web-view/src/components/LoginForm/LoginInput/LoginInput.js": {"path":"/Volumes/sub/on-terview/web-view/src/components/LoginForm/LoginInput/LoginInput.js","statementMap":{"0":{"start":{"line":8,"column":2},"end":{"line":8,"column":31}},"1":{"start":{"line":14,"column":15},"end":{"line":14,"column":25}},"2":{"start":{"line":15,"column":21},"end":{"line":15,"column":37}},"3":{"start":{"line":16,"column":19},"end":{"line":34,"column":5}},"4":{"start":{"line":18,"column":6},"end":{"line":33,"column":12}},"5":{"start":{"line":29,"column":14},"end":{"line":29,"column":51}},"6":{"start":{"line":36,"column":2},"end":{"line":40,"column":4}}},"fnMap":{"0":{"name":"valueSetter","decl":{"start":{"line":7,"column":9},"end":{"line":7,"column":20}},"loc":{"start":{"line":7,"column":38},"end":{"line":9,"column":1}},"line":7},"1":{"name":"LoginForm","decl":{"start":{"line":12,"column":9},"end":{"line":12,"column":18}},"loc":{"start":{"line":12,"column":28},"end":{"line":41,"column":1}},"line":12},"2":{"name":"(anonymous_2)","decl":{"start":{"line":17,"column":10},"end":{"line":17,"column":11}},"loc":{"start":{"line":18,"column":6},"end":{"line":33,"column":12}},"line":18},"3":{"name":"(anonymous_3)","decl":{"start":{"line":28,"column":12},"end":{"line":28,"column":13}},"loc":{"start":{"line":29,"column":14},"end":{"line":29,"column":51}},"line":29}},"branchMap":{},"s":{"0":0,"1":3,"2":3,"3":3,"4":7,"5":0,"6":3},"f":{"0":0,"1":3,"2":7,"3":0},"b":{},"_coverageSchema":"1a1c01bbd47fc00a2c39e90264f33305004495a9","hash":"40fa5e156999450e1b8d4a09ea47bb180a5402a5"}
,"/Volumes/sub/on-terview/web-view/src/components/MockTest/MockTest.js": {"path":"/Volumes/sub/on-terview/web-view/src/components/MockTest/MockTest.js","statementMap":{"0":{"start":{"line":6,"column":2},"end":{"line":17,"column":4}},"1":{"start":{"line":12,"column":23},"end":{"line":12,"column":39}},"2":{"start":{"line":13,"column":10},"end":{"line":13,"column":28}}},"fnMap":{"0":{"name":"MockTest","decl":{"start":{"line":5,"column":9},"end":{"line":5,"column":17}},"loc":{"start":{"line":5,"column":20},"end":{"line":18,"column":1}},"line":5},"1":{"name":"(anonymous_1)","decl":{"start":{"line":11,"column":18},"end":{"line":11,"column":19}},"loc":{"start":{"line":11,"column":37},"end":{"line":14,"column":9}},"line":11}},"branchMap":{},"s":{"0":0,"1":0,"2":0},"f":{"0":0,"1":0},"b":{},"_coverageSchema":"1a1c01bbd47fc00a2c39e90264f33305004495a9","hash":"ef2f12e3ba60714d8875415f6e7e55b2772fdec3"}
,"/Volumes/sub/on-terview/web-view/src/components/SignupForm/SignupForm.js": {"path":"/Volumes/sub/on-terview/web-view/src/components/SignupForm/SignupForm.js","statementMap":{"0":{"start":{"line":12,"column":17},"end":{"line":17,"column":1}},"1":{"start":{"line":19,"column":21},"end":{"line":32,"column":1}},"2":{"start":{"line":34,"column":21},"end":{"line":34,"column":92}},"3":{"start":{"line":36,"column":15},"end":{"line":137,"column":1}},"4":{"start":{"line":37,"column":86},"end":{"line":37,"column":108}},"5":{"start":{"line":40,"column":30},"end":{"line":40,"column":44}},"6":{"start":{"line":42,"column":18},"end":{"line":75,"column":3}},"7":{"start":{"line":77,"column":21},"end":{"line":118,"column":3}},"8":{"start":{"line":121,"column":4},"end":{"line":121,"column":41}},"9":{"start":{"line":124,"column":2},"end":{"line":136,"column":4}},"10":{"start":{"line":129,"column":10},"end":{"line":129,"column":29}},"11":{"start":{"line":130,"column":10},"end":{"line":130,"column":23}}},"fnMap":{"0":{"name":"(anonymous_0)","decl":{"start":{"line":36,"column":15},"end":{"line":36,"column":16}},"loc":{"start":{"line":36,"column":26},"end":{"line":137,"column":1}},"line":36},"1":{"name":"SignupInputView","decl":{"start":{"line":120,"column":11},"end":{"line":120,"column":26}},"loc":{"start":{"line":120,"column":29},"end":{"line":122,"column":3}},"line":120},"2":{"name":"(anonymous_2)","decl":{"start":{"line":128,"column":17},"end":{"line":128,"column":18}},"loc":{"start":{"line":128,"column":23},"end":{"line":131,"column":9}},"line":128}},"branchMap":{"0":{"loc":{"start":{"line":121,"column":11},"end":{"line":121,"column":40}},"type":"cond-expr","locations":[{"start":{"line":121,"column":20},"end":{"line":121,"column":27}},{"start":{"line":121,"column":30},"end":{"line":121,"column":40}}],"line":121},"1":{"loc":{"start":{"line":133,"column":9},"end":{"line":133,"column":35}},"type":"cond-expr","locations":[{"start":{"line":133,"column":18},"end":{"line":133,"column":25}},{"start":{"line":133,"column":28},"end":{"line":133,"column":35}}],"line":133}},"s":{"0":2,"1":2,"2":2,"3":2,"4":1,"5":1,"6":1,"7":1,"8":1,"9":1,"10":0,"11":0},"f":{"0":1,"1":1,"2":0},"b":{"0":[1,0],"1":[1,0]},"_coverageSchema":"1a1c01bbd47fc00a2c39e90264f33305004495a9","hash":"038d56aab2ac44d5cf3fe69438d043f205848ac6"}
,"/Volumes/sub/on-terview/web-view/src/components/SignupForm/SignupInput.js": {"path":"/Volumes/sub/on-terview/web-view/src/components/SignupForm/SignupInput.js","statementMap":{"0":{"start":{"line":6,"column":18},"end":{"line":16,"column":1}},"1":{"start":{"line":18,"column":20},"end":{"line":32,"column":1}},"2":{"start":{"line":19,"column":18},"end":{"line":29,"column":4}},"3":{"start":{"line":20,"column":4},"end":{"line":28,"column":10}},"4":{"start":{"line":31,"column":2},"end":{"line":31,"column":30}}},"fnMap":{"0":{"name":"(anonymous_0)","decl":{"start":{"line":18,"column":20},"end":{"line":18,"column":21}},"loc":{"start":{"line":18,"column":31},"end":{"line":32,"column":1}},"line":18},"1":{"name":"(anonymous_1)","decl":{"start":{"line":19,"column":36},"end":{"line":19,"column":37}},"loc":{"start":{"line":20,"column":4},"end":{"line":28,"column":10}},"line":20}},"branchMap":{},"s":{"0":2,"1":2,"2":1,"3":4,"4":1},"f":{"0":1,"1":4},"b":{},"_coverageSchema":"1a1c01bbd47fc00a2c39e90264f33305004495a9","hash":"bdb7e11acd90ceb84594c41c47d655cc0a59f08d"}
,"/Volumes/sub/on-terview/web-view/src/components/StateIcon/StateIcon.js": {"path":"/Volumes/sub/on-terview/web-view/src/components/StateIcon/StateIcon.js","statementMap":{"0":{"start":{"line":12,"column":22},"end":{"line":16,"column":1}},"1":{"start":{"line":17,"column":20},"end":{"line":24,"column":1}},"2":{"start":{"line":26,"column":21},"end":{"line":33,"column":1}},"3":{"start":{"line":31,"column":34},"end":{"line":31,"column":68}},"4":{"start":{"line":35,"column":18},"end":{"line":87,"column":1}},"5":{"start":{"line":36,"column":21},"end":{"line":36,"column":46}},"6":{"start":{"line":37,"column":20},"end":{"line":37,"column":48}},"7":{"start":{"line":38,"column":19},"end":{"line":38,"column":32}},"8":{"start":{"line":39,"column":28},"end":{"line":39,"column":47}},"9":{"start":{"line":42,"column":2},"end":{"line":45,"column":5}},"10":{"start":{"line":43,"column":4},"end":{"line":43,"column":38}},"11":{"start":{"line":44,"column":4},"end":{"line":44,"column":24}},"12":{"start":{"line":49,"column":23},"end":{"line":52,"column":3}},"13":{"start":{"line":50,"column":4},"end":{"line":50,"column":42}},"14":{"start":{"line":51,"column":4},"end":{"line":51,"column":24}},"15":{"start":{"line":55,"column":28},"end":{"line":72,"column":3}},"16":{"start":{"line":56,"column":4},"end":{"line":71,"column":5}},"17":{"start":{"line":58,"column":8},"end":{"line":58,"column":28}},"18":{"start":{"line":59,"column":8},"end":{"line":59,"column":14}},"19":{"start":{"line":61,"column":8},"end":{"line":61,"column":28}},"20":{"start":{"line":62,"column":8},"end":{"line":62,"column":14}},"21":{"start":{"line":64,"column":8},"end":{"line":64,"column":28}},"22":{"start":{"line":65,"column":8},"end":{"line":65,"column":14}},"23":{"start":{"line":67,"column":8},"end":{"line":67,"column":28}},"24":{"start":{"line":68,"column":8},"end":{"line":68,"column":14}},"25":{"start":{"line":70,"column":8},"end":{"line":70,"column":14}},"26":{"start":{"line":74,"column":2},"end":{"line":86,"column":4}},"27":{"start":{"line":78,"column":10},"end":{"line":80,"column":19}},"28":{"start":{"line":89,"column":16},"end":{"line":91,"column":1}},"29":{"start":{"line":90,"column":2},"end":{"line":90,"column":43}},"30":{"start":{"line":92,"column":17},"end":{"line":96,"column":1}},"31":{"start":{"line":93,"column":20},"end":{"line":93,"column":48}},"32":{"start":{"line":95,"column":2},"end":{"line":95,"column":64}}},"fnMap":{"0":{"name":"(anonymous_0)","decl":{"start":{"line":31,"column":22},"end":{"line":31,"column":23}},"loc":{"start":{"line":31,"column":34},"end":{"line":31,"column":68}},"line":31},"1":{"name":"(anonymous_1)","decl":{"start":{"line":35,"column":18},"end":{"line":35,"column":19}},"loc":{"start":{"line":35,"column":24},"end":{"line":87,"column":1}},"line":35},"2":{"name":"(anonymous_2)","decl":{"start":{"line":42,"column":12},"end":{"line":42,"column":13}},"loc":{"start":{"line":42,"column":18},"end":{"line":45,"column":3}},"line":42},"3":{"name":"(anonymous_3)","decl":{"start":{"line":49,"column":23},"end":{"line":49,"column":24}},"loc":{"start":{"line":49,"column":30},"end":{"line":52,"column":3}},"line":49},"4":{"name":"(anonymous_4)","decl":{"start":{"line":55,"column":28},"end":{"line":55,"column":29}},"loc":{"start":{"line":55,"column":34},"end":{"line":72,"column":3}},"line":55},"5":{"name":"(anonymous_5)","decl":{"start":{"line":77,"column":24},"end":{"line":77,"column":25}},"loc":{"start":{"line":78,"column":10},"end":{"line":80,"column":19}},"line":78},"6":{"name":"(anonymous_6)","decl":{"start":{"line":89,"column":16},"end":{"line":89,"column":17}},"loc":{"start":{"line":89,"column":22},"end":{"line":91,"column":1}},"line":89},"7":{"name":"(anonymous_7)","decl":{"start":{"line":92,"column":17},"end":{"line":92,"column":18}},"loc":{"start":{"line":92,"column":32},"end":{"line":96,"column":1}},"line":92}},"branchMap":{"0":{"loc":{"start":{"line":31,"column":34},"end":{"line":31,"column":68}},"type":"cond-expr","locations":[{"start":{"line":31,"column":48},"end":{"line":31,"column":59}},{"start":{"line":31,"column":62},"end":{"line":31,"column":68}}],"line":31},"1":{"loc":{"start":{"line":56,"column":4},"end":{"line":71,"column":5}},"type":"switch","locations":[{"start":{"line":57,"column":6},"end":{"line":59,"column":14}},{"start":{"line":60,"column":6},"end":{"line":62,"column":14}},{"start":{"line":63,"column":6},"end":{"line":65,"column":14}},{"start":{"line":66,"column":6},"end":{"line":68,"column":14}},{"start":{"line":69,"column":6},"end":{"line":70,"column":14}}],"line":56}},"s":{"0":1,"1":1,"2":1,"3":1,"4":1,"5":1,"6":1,"7":1,"8":1,"9":1,"10":1,"11":1,"12":1,"13":0,"14":0,"15":1,"16":1,"17":0,"18":0,"19":0,"20":0,"21":0,"22":0,"23":0,"24":0,"25":1,"26":1,"27":4,"28":1,"29":1,"30":1,"31":1,"32":1},"f":{"0":1,"1":1,"2":1,"3":0,"4":1,"5":4,"6":1,"7":1},"b":{"0":[1,0],"1":[0,0,0,0,1]},"_coverageSchema":"1a1c01bbd47fc00a2c39e90264f33305004495a9","hash":"c44ad2c4337d9593457393f51325c42727fc0aa7"}
,"/Volumes/sub/on-terview/web-view/src/components/Template/Header/Header.js": {"path":"/Volumes/sub/on-terview/web-view/src/components/Template/Header/Header.js","statementMap":{"0":{"start":{"line":8,"column":19},"end":{"line":15,"column":1}},"1":{"start":{"line":17,"column":19},"end":{"line":21,"column":1}},"2":{"start":{"line":23,"column":23},"end":{"line":28,"column":1}},"3":{"start":{"line":31,"column":4},"end":{"line":36,"column":6}}},"fnMap":{"0":{"name":"Header","decl":{"start":{"line":30,"column":24},"end":{"line":30,"column":30}},"loc":{"start":{"line":30,"column":33},"end":{"line":37,"column":1}},"line":30}},"branchMap":{},"s":{"0":1,"1":1,"2":1,"3":1},"f":{"0":1},"b":{},"_coverageSchema":"1a1c01bbd47fc00a2c39e90264f33305004495a9","hash":"1be742f913fb753ab797b8b9388c8a44e310a902"}
,"/Volumes/sub/on-terview/web-view/src/hooks/test.js": {"path":"/Volumes/sub/on-terview/web-view/src/hooks/test.js","statementMap":{},"fnMap":{},"branchMap":{},"s":{},"f":{},"b":{}}
,"/Volumes/sub/on-terview/web-view/src/hooks/useInput.js": {"path":"/Volumes/sub/on-terview/web-view/src/hooks/useInput.js","statementMap":{"0":{"start":{"line":4,"column":26},"end":{"line":4,"column":48}},"1":{"start":{"line":6,"column":18},"end":{"line":15,"column":3}},"2":{"start":{"line":8,"column":30},"end":{"line":8,"column":38}},"3":{"start":{"line":9,"column":6},"end":{"line":12,"column":9}},"4":{"start":{"line":17,"column":21},"end":{"line":17,"column":77}},"5":{"start":{"line":17,"column":39},"end":{"line":17,"column":60}},"6":{"start":{"line":18,"column":2},"end":{"line":18,"column":37}}},"fnMap":{"0":{"name":"useInput","decl":{"start":{"line":3,"column":9},"end":{"line":3,"column":17}},"loc":{"start":{"line":3,"column":32},"end":{"line":19,"column":1}},"line":3},"1":{"name":"(anonymous_1)","decl":{"start":{"line":7,"column":4},"end":{"line":7,"column":5}},"loc":{"start":{"line":7,"column":11},"end":{"line":13,"column":5}},"line":7},"2":{"name":"(anonymous_2)","decl":{"start":{"line":17,"column":33},"end":{"line":17,"column":34}},"loc":{"start":{"line":17,"column":39},"end":{"line":17,"column":60}},"line":17}},"branchMap":{},"s":{"0":1,"1":1,"2":0,"3":0,"4":1,"5":0,"6":1},"f":{"0":1,"1":0,"2":0},"b":{},"_coverageSchema":"1a1c01bbd47fc00a2c39e90264f33305004495a9","hash":"5ea6a290dd841421d87bf1f96b6abf1d70a2fd73"}
,"/Volumes/sub/on-terview/web-view/src/page/Board/Board.js": {"path":"/Volumes/sub/on-terview/web-view/src/page/Board/Board.js","statementMap":{"0":{"start":{"line":6,"column":2},"end":{"line":12,"column":4}}},"fnMap":{"0":{"name":"BoardPage","decl":{"start":{"line":5,"column":24},"end":{"line":5,"column":33}},"loc":{"start":{"line":5,"column":36},"end":{"line":13,"column":1}},"line":5}},"branchMap":{},"s":{"0":0},"f":{"0":0},"b":{},"_coverageSchema":"1a1c01bbd47fc00a2c39e90264f33305004495a9","hash":"63288633e243e7dbfda63937e2e9843be0e491f3"}
,"/Volumes/sub/on-terview/web-view/src/page/Board/Tests/Tests.js": {"path":"/Volumes/sub/on-terview/web-view/src/page/Board/Tests/Tests.js","statementMap":{},"fnMap":{},"branchMap":{},"s":{},"f":{},"b":{}}
,"/Volumes/sub/on-terview/web-view/src/page/Board/Tests/Results/Results.js": {"path":"/Volumes/sub/on-terview/web-view/src/page/Board/Tests/Results/Results.js","statementMap":{},"fnMap":{},"branchMap":{},"s":{},"f":{},"b":{}}
,"/Volumes/sub/on-terview/web-view/src/page/CompanyInfo/CompanyInfo.js": {"path":"/Volumes/sub/on-terview/web-view/src/page/CompanyInfo/CompanyInfo.js","statementMap":{"0":{"start":{"line":5,"column":2},"end":{"line":5,"column":31}}},"fnMap":{"0":{"name":"CompanyInfo","decl":{"start":{"line":4,"column":9},"end":{"line":4,"column":20}},"loc":{"start":{"line":4,"column":23},"end":{"line":6,"column":1}},"line":4}},"branchMap":{},"s":{"0":0},"f":{"0":0},"b":{},"_coverageSchema":"1a1c01bbd47fc00a2c39e90264f33305004495a9","hash":"074fea329474db88d50e01cd4db415e100e5570e"}
,"/Volumes/sub/on-terview/web-view/src/page/Error_page/ErrorPage400.js": {"path":"/Volumes/sub/on-terview/web-view/src/page/Error_page/ErrorPage400.js","statementMap":{"0":{"start":{"line":6,"column":4},"end":{"line":10,"column":6}}},"fnMap":{"0":{"name":"(anonymous_0)","decl":{"start":{"line":5,"column":2},"end":{"line":5,"column":3}},"loc":{"start":{"line":5,"column":11},"end":{"line":11,"column":3}},"line":5}},"branchMap":{},"s":{"0":0},"f":{"0":0},"b":{},"_coverageSchema":"1a1c01bbd47fc00a2c39e90264f33305004495a9","hash":"ff336f55b7fb6ce7889063b6b295f5d50254003d"}
,"/Volumes/sub/on-terview/web-view/src/page/Error_page/ErrorPage404.js": {"path":"/Volumes/sub/on-terview/web-view/src/page/Error_page/ErrorPage404.js","statementMap":{"0":{"start":{"line":6,"column":4},"end":{"line":10,"column":6}}},"fnMap":{"0":{"name":"(anonymous_0)","decl":{"start":{"line":5,"column":2},"end":{"line":5,"column":3}},"loc":{"start":{"line":5,"column":11},"end":{"line":11,"column":3}},"line":5}},"branchMap":{},"s":{"0":0},"f":{"0":0},"b":{},"_coverageSchema":"1a1c01bbd47fc00a2c39e90264f33305004495a9","hash":"a479fc3e98838b91e2a13bdd8f79a168d1276574"}
,"/Volumes/sub/on-terview/web-view/src/page/Error_page/ErrorPage500.js": {"path":"/Volumes/sub/on-terview/web-view/src/page/Error_page/ErrorPage500.js","statementMap":{"0":{"start":{"line":6,"column":4},"end":{"line":10,"column":6}}},"fnMap":{"0":{"name":"(anonymous_0)","decl":{"start":{"line":5,"column":2},"end":{"line":5,"column":3}},"loc":{"start":{"line":5,"column":11},"end":{"line":11,"column":3}},"line":5}},"branchMap":{},"s":{"0":0},"f":{"0":0},"b":{},"_coverageSchema":"1a1c01bbd47fc00a2c39e90264f33305004495a9","hash":"f857b22f3ecfe69e120f432898bc15c6f4ec6ca9"}
,"/Volumes/sub/on-terview/web-view/src/page/Login/Login.js": {"path":"/Volumes/sub/on-terview/web-view/src/page/Login/Login.js","statementMap":{"0":{"start":{"line":4,"column":4},"end":{"line":6,"column":6}}},"fnMap":{"0":{"name":"Login","decl":{"start":{"line":3,"column":9},"end":{"line":3,"column":14}},"loc":{"start":{"line":3,"column":17},"end":{"line":7,"column":1}},"line":3}},"branchMap":{},"s":{"0":1},"f":{"0":1},"b":{},"_coverageSchema":"1a1c01bbd47fc00a2c39e90264f33305004495a9","hash":"dc4d74c7e6d55d39f29c6428c387511866766bb3"}
,"/Volumes/sub/on-terview/web-view/src/page/Main/Main.js": {"path":"/Volumes/sub/on-terview/web-view/src/page/Main/Main.js","statementMap":{"0":{"start":{"line":4,"column":4},"end":{"line":6,"column":6}}},"fnMap":{"0":{"name":"Main","decl":{"start":{"line":3,"column":9},"end":{"line":3,"column":13}},"loc":{"start":{"line":3,"column":16},"end":{"line":7,"column":1}},"line":3}},"branchMap":{},"s":{"0":2},"f":{"0":2},"b":{},"_coverageSchema":"1a1c01bbd47fc00a2c39e90264f33305004495a9","hash":"1c1d35d8e0b36ad0796b99c14cf20b04939cdbf9"}
,"/Volumes/sub/on-terview/web-view/src/page/MockTest/MockTestPage.js": {"path":"/Volumes/sub/on-terview/web-view/src/page/MockTest/MockTestPage.js","statementMap":{"0":{"start":{"line":4,"column":2},"end":{"line":4,"column":22}}},"fnMap":{"0":{"name":"MockTestPage","decl":{"start":{"line":3,"column":9},"end":{"line":3,"column":21}},"loc":{"start":{"line":3,"column":24},"end":{"line":5,"column":1}},"line":3}},"branchMap":{},"s":{"0":0},"f":{"0":0},"b":{},"_coverageSchema":"1a1c01bbd47fc00a2c39e90264f33305004495a9","hash":"96d55c75cceeda072fe498e3925c6e51400411d3"}
,"/Volumes/sub/on-terview/web-view/src/page/ScheduleCalendar/ScheduleCalendar.js": {"path":"/Volumes/sub/on-terview/web-view/src/page/ScheduleCalendar/ScheduleCalendar.js","statementMap":{"0":{"start":{"line":4,"column":2},"end":{"line":4,"column":22}}},"fnMap":{"0":{"name":"ScheduleCalendar","decl":{"start":{"line":3,"column":9},"end":{"line":3,"column":25}},"loc":{"start":{"line":3,"column":28},"end":{"line":5,"column":1}},"line":3}},"branchMap":{},"s":{"0":0},"f":{"0":0},"b":{},"_coverageSchema":"1a1c01bbd47fc00a2c39e90264f33305004495a9","hash":"82462005d6637149ad2324435efe0cc0cbd6a1ee"}
,"/Volumes/sub/on-terview/web-view/src/page/ScoreCard/ScoreCard.js": {"path":"/Volumes/sub/on-terview/web-view/src/page/ScoreCard/ScoreCard.js","statementMap":{"0":{"start":{"line":4,"column":2},"end":{"line":4,"column":32}}},"fnMap":{"0":{"name":"ScoreCard","decl":{"start":{"line":3,"column":9},"end":{"line":3,"column":18}},"loc":{"start":{"line":3,"column":21},"end":{"line":5,"column":1}},"line":3}},"branchMap":{},"s":{"0":0},"f":{"0":0},"b":{},"_coverageSchema":"1a1c01bbd47fc00a2c39e90264f33305004495a9","hash":"0f1c945b18886f7474492a35ee3dacb86533ff96"}
,"/Volumes/sub/on-terview/web-view/src/page/SignUp/SignUp.js": {"path":"/Volumes/sub/on-terview/web-view/src/page/SignUp/SignUp.js","statementMap":{"0":{"start":{"line":6,"column":4},"end":{"line":8,"column":6}}},"fnMap":{"0":{"name":"SignUp","decl":{"start":{"line":5,"column":9},"end":{"line":5,"column":15}},"loc":{"start":{"line":5,"column":18},"end":{"line":9,"column":1}},"line":5}},"branchMap":{},"s":{"0":1},"f":{"0":1},"b":{},"_coverageSchema":"1a1c01bbd47fc00a2c39e90264f33305004495a9","hash":"9c4770a4308a9ce29a377b2f9b840b608db98542"}
,"/Volumes/sub/on-terview/web-view/src/redux/store.js": {"path":"/Volumes/sub/on-terview/web-view/src/redux/store.js","statementMap":{"0":{"start":{"line":10,"column":19},"end":{"line":10,"column":54}}},"fnMap":{},"branchMap":{},"s":{"0":0},"f":{},"b":{}}
,"/Volumes/sub/on-terview/web-view/src/redux/User/IconStateSlice.js": {"path":"/Volumes/sub/on-terview/web-view/src/redux/User/IconStateSlice.js","statementMap":{"0":{"start":{"line":3,"column":21},"end":{"line":13,"column":2}},"1":{"start":{"line":10,"column":6},"end":{"line":10,"column":34}},"2":{"start":{"line":15,"column":31},"end":{"line":15,"column":44}},"3":{"start":{"line":17,"column":31},"end":{"line":17,"column":62}},"4":{"start":{"line":17,"column":42},"end":{"line":17,"column":62}}},"fnMap":{"0":{"name":"(anonymous_0)","decl":{"start":{"line":9,"column":17},"end":{"line":9,"column":18}},"loc":{"start":{"line":9,"column":36},"end":{"line":11,"column":5}},"line":9},"1":{"name":"(anonymous_1)","decl":{"start":{"line":17,"column":31},"end":{"line":17,"column":32}},"loc":{"start":{"line":17,"column":42},"end":{"line":17,"column":62}},"line":17}},"branchMap":{},"s":{"0":1,"1":0,"2":1,"3":1,"4":0},"f":{"0":0,"1":0},"b":{},"_coverageSchema":"1a1c01bbd47fc00a2c39e90264f33305004495a9","hash":"d75e719d0901c00b684d84e51dd8ba607fe1fecf"}
,"/Volumes/sub/on-terview/web-view/src/redux/User/LoginUserSlice.js": {"path":"/Volumes/sub/on-terview/web-view/src/redux/User/LoginUserSlice.js","statementMap":{"0":{"start":{"line":3,"column":21},"end":{"line":22,"column":3}},"1":{"start":{"line":16,"column":6},"end":{"line":16,"column":35}},"2":{"start":{"line":19,"column":6},"end":{"line":19,"column":35}},"3":{"start":{"line":24,"column":28},"end":{"line":24,"column":41}}},"fnMap":{"0":{"name":"(anonymous_0)","decl":{"start":{"line":15,"column":17},"end":{"line":15,"column":18}},"loc":{"start":{"line":15,"column":38},"end":{"line":17,"column":5}},"line":15},"1":{"name":"(anonymous_1)","decl":{"start":{"line":18,"column":14},"end":{"line":18,"column":15}},"loc":{"start":{"line":18,"column":35},"end":{"line":20,"column":5}},"line":18}},"branchMap":{},"s":{"0":3,"1":0,"2":0,"3":3},"f":{"0":0,"1":0},"b":{},"_coverageSchema":"1a1c01bbd47fc00a2c39e90264f33305004495a9","hash":"a1f5308e0647312575a0c89c561e4506731c6626"}
,"/Volumes/sub/on-terview/web-view/src/styles/Colors.js": {"path":"/Volumes/sub/on-terview/web-view/src/styles/Colors.js","statementMap":{"0":{"start":{"line":1,"column":15},"end":{"line":7,"column":1}}},"fnMap":{},"branchMap":{},"s":{"0":2},"f":{},"b":{},"_coverageSchema":"1a1c01bbd47fc00a2c39e90264f33305004495a9","hash":"06fc71690fc3a51227a60acaf6746ed1ef02cf3a"}
,"/Volumes/sub/on-terview/web-view/src/styles/GlobalStyle.js": {"path":"/Volumes/sub/on-terview/web-view/src/styles/GlobalStyle.js","statementMap":{"0":{"start":{"line":3,"column":20},"end":{"line":26,"column":1}}},"fnMap":{},"branchMap":{},"s":{"0":1},"f":{},"b":{},"_coverageSchema":"1a1c01bbd47fc00a2c39e90264f33305004495a9","hash":"9bc6442741a7bae3fb43ab7f1c3f0a5b64c1a24c"}
}
