TN:
SF:src/App.js
FN:39,App
FNF:1
FNH:1
FNDA:1,App
DA:24,1
DA:32,1
DA:40,1
LF:3
LH:3
BRF:0
BRH:0
end_of_record
TN:
SF:src/index.js
FNF:0
FNH:0
DA:10,0
DA:22,0
LF:2
LH:0
BRF:0
BRH:0
end_of_record
TN:
SF:src/reportWebVitals.js
FN:1,(anonymous_0)
FN:3,(anonymous_1)
FNF:2
FNH:0
FNDA:0,(anonymous_0)
FNDA:0,(anonymous_1)
DA:1,0
DA:2,0
DA:3,0
DA:4,0
DA:5,0
DA:6,0
DA:7,0
DA:8,0
LF:8
LH:0
BRDA:2,0,0,0
BRDA:2,0,1,0
BRDA:2,1,0,0
BRDA:2,1,1,0
BRF:4
BRH:0
end_of_record
TN:
SF:src/setupProxy.js
FN:3,(anonymous_0)
FNF:1
FNH:0
FNDA:0,(anonymous_0)
DA:1,0
DA:3,0
DA:4,0
LF:3
LH:0
BRF:0
BRH:0
end_of_record
TN:
SF:src/components/BoardInfo/BoardInfo.js
FN:54,(anonymous_0)
FNF:1
FNH:0
FNDA:0,(anonymous_0)
DA:5,1
DA:14,1
DA:24,1
DA:34,1
DA:44,1
DA:55,0
LF:6
LH:5
BRF:0
BRH:0
end_of_record
TN:
SF:src/components/BoardList/BoardList.js
FN:51,(anonymous_0)
FNF:1
FNH:0
FNDA:0,(anonymous_0)
DA:5,1
DA:14,1
DA:23,1
DA:32,1
DA:41,1
DA:52,0
LF:6
LH:5
BRF:0
BRH:0
end_of_record
TN:
SF:src/components/BoardSearch/BoardSearch.js
FN:20,BoardSearch
FN:23,(anonymous_1)
FN:30,(anonymous_2)
FN:42,(anonymous_3)
FN:56,(anonymous_4)
FN:58,(anonymous_5)
FN:64,(anonymous_6)
FN:79,(anonymous_7)
FN:85,(anonymous_8)
FN:88,(anonymous_9)
FNF:10
FNH:0
FNDA:0,BoardSearch
FNDA:0,(anonymous_1)
FNDA:0,(anonymous_2)
FNDA:0,(anonymous_3)
FNDA:0,(anonymous_4)
FNDA:0,(anonymous_5)
FNDA:0,(anonymous_6)
FNDA:0,(anonymous_7)
FNDA:0,(anonymous_8)
FNDA:0,(anonymous_9)
DA:4,1
DA:10,1
DA:14,1
DA:22,0
DA:23,0
DA:24,0
DA:28,0
DA:30,0
DA:31,0
DA:41,0
DA:43,0
DA:56,0
DA:57,0
DA:58,0
DA:59,0
DA:61,0
DA:64,0
DA:65,0
DA:66,0
DA:69,0
DA:80,0
DA:86,0
DA:87,0
DA:89,0
DA:93,0
DA:94,0
DA:95,0
DA:97,0
LF:28
LH:3
BRDA:65,0,0,0
BRDA:65,0,1,0
BRDA:89,1,0,0
BRDA:89,1,1,0
BRF:4
BRH:0
end_of_record
TN:
SF:src/components/Calendar/Calendar.js
FN:59,renderEventContent
FN:63,Calendar
FNF:2
FNH:0
FNDA:0,renderEventContent
FNDA:0,Calendar
DA:9,1
DA:54,1
DA:60,0
DA:64,0
LF:4
LH:2
BRF:0
BRH:0
end_of_record
TN:
SF:src/components/CheckPeople/CheckPeople.js
FN:53,(anonymous_0)
FN:62,(anonymous_1)
FN:68,(anonymous_2)
FN:70,(anonymous_3)
FN:71,(anonymous_4)
FNF:5
FNH:0
FNDA:0,(anonymous_0)
FNDA:0,(anonymous_1)
FNDA:0,(anonymous_2)
FNDA:0,(anonymous_3)
FNDA:0,(anonymous_4)
DA:7,0
DA:15,0
DA:23,0
DA:34,0
DA:53,0
DA:54,0
DA:62,0
DA:63,0
DA:66,0
DA:67,0
DA:68,0
DA:70,0
DA:71,0
DA:72,0
DA:77,0
LF:15
LH:0
BRDA:68,0,0,0
BRDA:68,0,1,0
BRF:2
BRH:0
end_of_record
TN:
SF:src/components/CompanyInfoModify/CompanyInfoModify.js
FN:7,CompanyInfoModify
FN:31,(anonymous_1)
FN:32,(anonymous_2)
FN:35,(anonymous_3)
FN:44,(anonymous_4)
FN:44,(anonymous_5)
FNF:6
FNH:0
FNDA:0,CompanyInfoModify
FNDA:0,(anonymous_1)
FNDA:0,(anonymous_2)
FNDA:0,(anonymous_3)
FNDA:0,(anonymous_4)
FNDA:0,(anonymous_5)
DA:9,0
DA:12,0
DA:19,0
DA:31,0
DA:32,0
DA:35,0
DA:36,0
DA:44,0
DA:56,0
LF:9
LH:0
BRDA:32,0,0,0
BRDA:32,0,1,0
BRDA:44,1,0,0
BRDA:44,1,1,0
BRDA:46,2,0,0
BRDA:46,2,1,0
BRF:6
BRH:0
end_of_record
TN:
SF:src/components/CompanyTests/CompanyTests.js
FN:6,CompanyTests
FNF:1
FNH:0
FNDA:0,CompanyTests
LF:0
LH:0
BRF:0
BRH:0
end_of_record
TN:
SF:src/components/CompanyTests/CompanyTestsView/CompanyTestsView.js
FNF:0
FNH:0
LF:0
LH:0
BRF:0
BRH:0
end_of_record
TN:
SF:src/components/CompanyTests/UserTestsView/UserTestsView.js
FNF:0
FNH:0
LF:0
LH:0
BRF:0
BRH:0
end_of_record
TN:
SF:src/components/ErrorType/Error400.js
FN:19,(anonymous_0)
FNF:1
FNH:0
FNDA:0,(anonymous_0)
DA:5,1
DA:14,1
DA:20,0
LF:3
LH:2
BRF:0
BRH:0
end_of_record
TN:
SF:src/components/ErrorType/Error404.js
FN:18,(anonymous_0)
FNF:1
FNH:0
FNDA:0,(anonymous_0)
DA:5,1
DA:13,1
DA:19,0
LF:3
LH:2
BRF:0
BRH:0
end_of_record
TN:
SF:src/components/ErrorType/Error500.js
FN:19,(anonymous_0)
FNF:1
FNH:0
FNDA:0,(anonymous_0)
DA:5,1
DA:14,1
DA:20,0
LF:3
LH:2
BRF:0
BRH:0
end_of_record
TN:
SF:src/components/Footer/Footer.js
FN:13,Footer
FNF:1
FNH:1
FNDA:1,Footer
DA:5,1
DA:16,1
LF:2
LH:2
BRF:0
BRH:0
end_of_record
TN:
SF:src/components/InterviewScoreCard/InterviewScoreCard.js
FN:5,InterviewScoreCard
FN:11,(anonymous_1)
FNF:2
FNH:0
FNDA:0,InterviewScoreCard
FNDA:0,(anonymous_1)
DA:6,0
DA:12,0
DA:13,0
LF:3
LH:0
BRF:0
BRH:0
end_of_record
TN:
SF:src/components/LoginForm/LoginForm.js
FN:11,(anonymous_0)
FN:30,LoginForm
FN:45,(anonymous_2)
FN:49,(anonymous_3)
FN:54,(anonymous_4)
FN:100,LoginInputView
FN:124,(anonymous_6)
FNF:7
FNH:3
FNDA:2,(anonymous_0)
FNDA:2,LoginForm
FNDA:0,(anonymous_2)
FNDA:0,(anonymous_3)
FNDA:0,(anonymous_4)
FNDA:2,LoginInputView
FNDA:0,(anonymous_6)
DA:11,3
DA:32,2
DA:34,2
DA:35,2
DA:37,2
DA:39,2
DA:40,2
DA:42,2
DA:45,2
DA:46,0
DA:48,0
DA:51,0
DA:52,0
DA:53,0
DA:55,0
DA:59,2
DA:76,2
DA:101,2
DA:104,2
DA:117,2
DA:125,0
LF:21
LH:14
BRDA:101,0,0,2
BRDA:101,0,1,0
BRDA:127,1,0,2
BRDA:127,1,1,0
BRF:4
BRH:2
end_of_record
TN:
SF:src/components/LoginForm/LoginInput/LoginInput.js
FN:7,valueSetter
FN:12,LoginForm
FN:17,(anonymous_2)
FN:28,(anonymous_3)
FNF:4
FNH:2
FNDA:0,valueSetter
FNDA:3,LoginForm
FNDA:7,(anonymous_2)
FNDA:0,(anonymous_3)
DA:8,0
DA:14,3
DA:15,3
DA:16,3
DA:18,7
DA:29,0
DA:36,3
LF:7
LH:5
BRF:0
BRH:0
end_of_record
TN:
SF:src/components/MockTest/MockTest.js
FN:5,MockTest
FN:11,(anonymous_1)
FNF:2
FNH:0
FNDA:0,MockTest
FNDA:0,(anonymous_1)
DA:6,0
DA:12,0
DA:13,0
LF:3
LH:0
BRF:0
BRH:0
end_of_record
TN:
SF:src/components/SignupForm/SignupForm.js
FN:36,(anonymous_0)
FN:120,SignupInputView
FN:128,(anonymous_2)
FNF:3
FNH:2
FNDA:1,(anonymous_0)
FNDA:1,SignupInputView
FNDA:0,(anonymous_2)
DA:12,2
DA:19,2
DA:34,2
DA:36,2
DA:37,1
DA:40,1
DA:42,1
DA:77,1
DA:121,1
DA:124,1
DA:129,0
DA:130,0
LF:12
LH:10
BRDA:121,0,0,1
BRDA:121,0,1,0
BRDA:133,1,0,1
BRDA:133,1,1,0
BRF:4
BRH:2
end_of_record
TN:
SF:src/components/SignupForm/SignupInput.js
FN:18,(anonymous_0)
FN:19,(anonymous_1)
FNF:2
FNH:2
FNDA:1,(anonymous_0)
FNDA:4,(anonymous_1)
DA:6,2
DA:18,2
DA:19,1
DA:20,4
DA:31,1
LF:5
LH:5
BRF:0
BRH:0
end_of_record
TN:
SF:src/components/StateIcon/StateIcon.js
FN:31,(anonymous_0)
FN:35,(anonymous_1)
FN:42,(anonymous_2)
FN:49,(anonymous_3)
FN:55,(anonymous_4)
FN:77,(anonymous_5)
FN:89,(anonymous_6)
FN:92,(anonymous_7)
FNF:8
FNH:7
FNDA:1,(anonymous_0)
FNDA:1,(anonymous_1)
FNDA:1,(anonymous_2)
FNDA:0,(anonymous_3)
FNDA:1,(anonymous_4)
FNDA:4,(anonymous_5)
FNDA:1,(anonymous_6)
FNDA:1,(anonymous_7)
DA:12,1
DA:17,1
DA:26,1
DA:31,1
DA:35,1
DA:36,1
DA:37,1
DA:38,1
DA:39,1
DA:42,1
DA:43,1
DA:44,1
DA:49,1
DA:50,0
DA:51,0
DA:55,1
DA:56,1
DA:58,0
DA:59,0
DA:61,0
DA:62,0
DA:64,0
DA:65,0
DA:67,0
DA:68,0
DA:70,1
DA:74,1
DA:78,4
DA:89,1
DA:90,1
DA:92,1
DA:93,1
DA:95,1
LF:33
LH:23
BRDA:31,0,0,1
BRDA:31,0,1,0
BRDA:56,1,0,0
BRDA:56,1,1,0
BRDA:56,1,2,0
BRDA:56,1,3,0
BRDA:56,1,4,1
BRF:7
BRH:2
end_of_record
TN:
SF:src/components/Template/Header/Header.js
FN:30,Header
FNF:1
FNH:1
FNDA:1,Header
DA:8,1
DA:17,1
DA:23,1
DA:31,1
LF:4
LH:4
BRF:0
BRH:0
end_of_record
TN:
SF:src/hooks/test.js
FNF:0
FNH:0
LF:0
LH:0
BRF:0
BRH:0
end_of_record
TN:
SF:src/hooks/useInput.js
FN:3,useInput
FN:7,(anonymous_1)
FN:17,(anonymous_2)
FNF:3
FNH:1
FNDA:1,useInput
FNDA:0,(anonymous_1)
FNDA:0,(anonymous_2)
DA:4,1
DA:6,1
DA:8,0
DA:9,0
DA:17,1
DA:18,1
LF:6
LH:4
BRF:0
BRH:0
end_of_record
TN:
SF:src/page/Board/Board.js
FN:5,BoardPage
FNF:1
FNH:0
FNDA:0,BoardPage
DA:6,0
LF:1
LH:0
BRF:0
BRH:0
end_of_record
TN:
SF:src/page/Board/Tests/Tests.js
FNF:0
FNH:0
LF:0
LH:0
BRF:0
BRH:0
end_of_record
TN:
SF:src/page/Board/Tests/Results/Results.js
FNF:0
FNH:0
LF:0
LH:0
BRF:0
BRH:0
end_of_record
TN:
SF:src/page/CompanyInfo/CompanyInfo.js
FN:4,CompanyInfo
FNF:1
FNH:0
FNDA:0,CompanyInfo
DA:5,0
LF:1
LH:0
BRF:0
BRH:0
end_of_record
TN:
SF:src/page/Error_page/ErrorPage400.js
FN:5,(anonymous_0)
FNF:1
FNH:0
FNDA:0,(anonymous_0)
DA:6,0
LF:1
LH:0
BRF:0
BRH:0
end_of_record
TN:
SF:src/page/Error_page/ErrorPage404.js
FN:5,(anonymous_0)
FNF:1
FNH:0
FNDA:0,(anonymous_0)
DA:6,0
LF:1
LH:0
BRF:0
BRH:0
end_of_record
TN:
SF:src/page/Error_page/ErrorPage500.js
FN:5,(anonymous_0)
FNF:1
FNH:0
FNDA:0,(anonymous_0)
DA:6,0
LF:1
LH:0
BRF:0
BRH:0
end_of_record
TN:
SF:src/page/Login/Login.js
FN:3,Login
FNF:1
FNH:1
FNDA:1,Login
DA:4,1
LF:1
LH:1
BRF:0
BRH:0
end_of_record
TN:
SF:src/page/Main/Main.js
FN:3,Main
FNF:1
FNH:1
FNDA:2,Main
DA:4,2
LF:1
LH:1
BRF:0
BRH:0
end_of_record
TN:
SF:src/page/MockTest/MockTestPage.js
FN:3,MockTestPage
FNF:1
FNH:0
FNDA:0,MockTestPage
DA:4,0
LF:1
LH:0
BRF:0
BRH:0
end_of_record
TN:
SF:src/page/ScheduleCalendar/ScheduleCalendar.js
FN:3,ScheduleCalendar
FNF:1
FNH:0
FNDA:0,ScheduleCalendar
DA:4,0
LF:1
LH:0
BRF:0
BRH:0
end_of_record
TN:
SF:src/page/ScoreCard/ScoreCard.js
FN:3,ScoreCard
FNF:1
FNH:0
FNDA:0,ScoreCard
DA:4,0
LF:1
LH:0
BRF:0
BRH:0
end_of_record
TN:
SF:src/page/SignUp/SignUp.js
FN:5,SignUp
FNF:1
FNH:1
FNDA:1,SignUp
DA:6,1
LF:1
LH:1
BRF:0
BRH:0
end_of_record
TN:
SF:src/redux/store.js
FNF:0
FNH:0
DA:10,0
LF:1
LH:0
BRF:0
BRH:0
end_of_record
TN:
SF:src/redux/User/IconStateSlice.js
FN:9,(anonymous_0)
FN:17,(anonymous_1)
FNF:2
FNH:0
FNDA:0,(anonymous_0)
FNDA:0,(anonymous_1)
DA:3,1
DA:10,0
DA:15,1
DA:17,1
LF:4
LH:3
BRF:0
BRH:0
end_of_record
TN:
SF:src/redux/User/LoginUserSlice.js
FN:15,(anonymous_0)
FN:18,(anonymous_1)
FNF:2
FNH:0
FNDA:0,(anonymous_0)
FNDA:0,(anonymous_1)
DA:3,3
DA:16,0
DA:19,0
DA:24,3
LF:4
LH:2
BRF:0
BRH:0
end_of_record
TN:
SF:src/styles/Colors.js
FNF:0
FNH:0
DA:1,2
LF:1
LH:1
BRF:0
BRH:0
end_of_record
TN:
SF:src/styles/GlobalStyle.js
FNF:0
FNH:0
DA:3,1
LF:1
LH:1
BRF:0
BRH:0
end_of_record
